10ac app_context::start_logger  476 ---- 2026/05/20 17:48:59.714 -------------------------------------------------
10ac app_context::start_logger  479 Host process is 'cmd.exe' (pid 4268)
10ac app_context::start_logger  483 DLL path is 'C:\Users\User\Documents\tienda\cmder_mini\vendor\clink'
10ac app_context::start_logger  498 Windows version 10.0.26200 (x64)
10ac app_context::start_logger  500 Clink version 1.6.14.93b83f (x64)
10ac hook_setter::hook_setter  159 >>> Started hook transaction.
10ac hook_setter::attach_iat   316 Attempting to hook SetEnvironmentVariableW in IAT for module 00007FF6AF870000.
10ac pe_info::iterate_imports  195 Found import in 'api-ms-win-core-processenvironment-l1-1-0.dll'
10ac find_iat                  124 Found import at 00007FF6AF8ABE70 (value is 00007FFFFA867920).
10ac hook_setter::attach_iat   316 Attempting to hook SetEnvironmentStringsW in IAT for module 00007FF6AF870000.
10ac pe_info::iterate_imports  195 Found import in 'api-ms-win-core-processenvironment-l1-1-0.dll'
10ac find_iat                  124 Found import at 00007FF6AF8ABE78 (value is 00007FFFFA87B4D0).
10ac hook_setter::attach_iat   316 Attempting to hook WriteConsoleW in IAT for module 00007FF6AF870000.
10ac pe_info::iterate_imports  195 Found import in 'api-ms-win-core-console-l1-1-0.dll'
10ac find_iat                  124 Found import at 00007FF6AF8ABAB8 (value is 00007FFFFA861E30).
10ac hook_setter::attach_iat   316 Attempting to hook GetEnvironmentVariableW in IAT for module 00007FF6AF870000.
10ac pe_info::iterate_imports  195 Found import in 'api-ms-win-core-processenvironment-l1-1-0.dll'
10ac find_iat                  124 Found import at 00007FF6AF8ABE50 (value is 00007FFFFA842550).
10ac hook_setter::commit       207 <<< Hook transaction committed.
10ac hook_setter::hook_setter  159 >>> Started hook transaction.
10ac hook_setter::detach_iat   359 Attempting to unhook 00007FFF967C5200 from GetEnvironmentVariableW in IAT for module 00007FF6AF870000.
10ac pe_info::iterate_imports  195 Found import in 'api-ms-win-core-processenvironment-l1-1-0.dll'
10ac find_iat                  124 Found import at 00007FF6AF8ABE50 (value is 00007FFF967C5200).
10ac hook_setter::commit       207 <<< Hook transaction committed.
10ac hook_setter::hook_setter  159 >>> Started hook transaction.
10ac hook_setter::attach_iat   316 Attempting to hook ReadConsoleW in IAT for module 00007FF6AF870000.
10ac pe_info::iterate_imports  195 Found import in 'api-ms-win-core-console-l1-1-0.dll'
10ac find_iat                  124 Found import at 00007FF6AF8ABAC8 (value is 00007FFFFA843340).
10ac hook_setter::commit       207 <<< Hook transaction committed.
10ac hook_setter::hook_setter  159 >>> Started hook transaction.
10ac hook_setter::attach_iat   316 Attempting to hook SetConsoleTitleW in IAT for module 00007FF6AF870000.
10ac pe_info::iterate_imports  195 Found import in 'api-ms-win-core-console-l2-2-0.dll'
10ac find_iat                  124 Found import at 00007FF6AF8ABB30 (value is 00007FFFFA8555B0).
10ac hook_setter::commit       207 <<< Hook transaction committed.
3abc win_screen_buffer::begin  366 Using native terminal support (auto mode found 'ConEmuHk64.dll').
3abc reset_handle              144 resetting mismatched stdin handle
3abc reset_handle              144 resetting mismatched stdout handle
3abc reset_handle              144 resetting mismatched stderr handle
3abc reset_handle              144 resetting mismatched stdout handle
3abc reset_handle              144 resetting mismatched stderr handle
3abc host_lua::load_scripts    192 Loaded 2 Lua scripts in 74 ms
3abc @~clink~/app/update.lua   370 Clink updater: too soon to check for updates (1779248929 vs 1779317339).
3abc history_db::initialise   1321 master bank ctag: |CTAG_1776796429_368751265_31428_0
3abc history_db::compact      1599 History:  93 active, 168 deleted
10ac win_screen_buffer::begin  366 Using native terminal support (auto mode found 'ConEmuHk64.dll').
10ac reset_handle              144 resetting mismatched stdin handle
10ac reset_handle              144 resetting mismatched stdout handle
10ac reset_handle              144 resetting mismatched stderr handle
10ac reset_handle              144 resetting mismatched stdout handle
10ac reset_handle              144 resetting mismatched stderr handle
10ac host_lua::load_scripts    192 Loaded 2 Lua scripts in 66 ms
10ac @~clink~/app/update.lua   370 Clink updater: too soon to check for updates (1779248929 vs 1779317340).
10ac history_db::initialise   1321 master bank ctag: |CTAG_1776796429_368751265_31428_0
10ac history_db::compact      1599 History:  93 active, 168 deleted
10ac reset_handle              144 resetting mismatched stdout handle
10ac reset_handle              144 resetting mismatched stderr handle
10ac history_db::compact      1599 History:  93 active, 168 deleted
10ac reset_handle              144 resetting mismatched stdout handle
10ac reset_handle              144 resetting mismatched stderr handle
10ac history_db::compact      1599 History:  91 active, 170 deleted
10ac reset_handle              144 resetting mismatched stdout handle
10ac reset_handle              144 resetting mismatched stderr handle
10ac history_db::compact      1599 History:  90 active, 171 deleted
3abc reset_handle              144 resetting mismatched stdout handle
3abc reset_handle              144 resetting mismatched stderr handle
3abc history_db::compact      1599 History:  91 active, 170 deleted
3abc reset_handle              144 resetting mismatched stdout handle
3abc reset_handle              144 resetting mismatched stderr handle
3abc history_db::compact      1599 History:  90 active, 171 deleted
3abc reset_handle              144 resetting mismatched stdout handle
3abc reset_handle              144 resetting mismatched stderr handle
3abc history_db::compact      1599 History:  89 active, 172 deleted
3abc reset_handle              144 resetting mismatched stdout handle
3abc reset_handle              144 resetting mismatched stderr handle
3abc history_db::compact      1599 History:  89 active, 172 deleted
10ac reset_handle              144 resetting mismatched stdout handle
10ac reset_handle              144 resetting mismatched stderr handle
10ac history_db::compact      1599 History:  89 active, 172 deleted
3abc check_auto_answer         121 Auto-answer; '¿Desea terminar el trabajo por lotes (S/N)? ' (NS)
3abc reset_handle              144 resetting mismatched stdout handle
3abc reset_handle              144 resetting mismatched stderr handle
3abc history_db::compact      1599 History:  88 active, 173 deleted
10ac reset_handle              144 resetting mismatched stdout handle
10ac reset_handle              144 resetting mismatched stderr handle
10ac history_db::compact      1599 History:  89 active, 172 deleted
